<?xml version="1.0" encoding="UTF-8"?>
<!-- Generated by org.testng.reporters.JUnitReportReporter -->
<testsuite hostname="DESKTOP-GCMML4U" failures="0" tests="2" name="tests.ProductPageTest" time="3.485" errors="0" timestamp="2022-09-20T00:08:49 EET" skipped="0">
  <testcase classname="tests.ProductPageTest" name="userCanViewCart" time="2.524"/>
  <system-out/>
  <testcase classname="tests.ProductPageTest" name="userCanAddToCart" time="0.961"/>
  <system-out/>
</testsuite> <!-- tests.ProductPageTest -->
