<?xml version="1.0" encoding="UTF-8"?>
<!-- Generated by org.testng.reporters.JUnitReportReporter -->
<testsuite hostname="DESKTOP-GCMML4U" failures="0" tests="1" name="tests.CheckoutTest" time="3.163" errors="0" timestamp="2022-09-20T00:08:49 EET" skipped="0">
  <testcase classname="tests.CheckoutTest" name="userCanCheckout" time="3.163"/>
  <system-out/>
</testsuite> <!-- tests.CheckoutTest -->
