<?xml version="1.0" encoding="UTF-8"?>
<!-- Generated by org.testng.reporters.JUnitReportReporter -->
<testsuite hostname="DESKTOP-GCMML4U" failures="0" tests="2" name="tests.HomePageTest" time="3.743" errors="0" timestamp="2022-09-20T00:08:49 EET" skipped="0">
  <testcase classname="tests.HomePageTest" name="userCanSelectProduct" time="2.140"/>
  <system-out/>
  <testcase classname="tests.HomePageTest" name="userCanSelectShopSection" time="1.603"/>
  <system-out/>
</testsuite> <!-- tests.HomePageTest -->
